<?xml version="1.0" encoding="UTF-8"?>
<!-- Generated by org.testng.reporters.JUnitXMLReporter -->
<testsuite hostname="DESKTOP-VCAD1FM" name="calc bats" tests="8" failures="2" timestamp="11 May 2019 17:30:38 GMT" time="0.047" errors="0">
  <testcase name="testAdd" time="0.015" classname="testnge2e.TestCalc">
    <failure type="java.lang.AssertionError" message="expected [12] but found [20]">
      <![CDATA[java.lang.AssertionError: expected [12] but found [20]
	at testnge2e.TestCalc.testAdd(TestCalc.java:13)
... Removed 31 stack frames]]>
    </failure>
  </testcase> <!-- testAdd -->
  <testcase name="testAdd" time="0.015" classname="testnge2e.TestCalc">
    <failure type="java.lang.AssertionError" message="expected [12] but found [20]">
      <![CDATA[java.lang.AssertionError: expected [12] but found [20]
	at testnge2e.TestCalc.testAdd(TestCalc.java:13)
... Removed 31 stack frames]]>
    </failure>
  </testcase> <!-- testAdd -->
  <testcase name="testAdd" time="0.0" classname="testnge2e.TestCalc"/>
  <testcase name="testAdd" time="0.0" classname="testnge2e.TestCalc"/>
  <testcase name="testMe" time="0.0" classname="testnge2e.TestCalc"/>
  <testcase name="testMe" time="0.0" classname="testnge2e.TestCalc"/>
  <testcase name="testMe1" time="0.0" classname="testnge2e.TestCalc"/>
  <testcase name="testMe1" time="0.0" classname="testnge2e.TestCalc"/>
</testsuite> <!-- calc bats -->
